<?xml version="1.0" encoding="UTF-8"?>
<!-- Generated by org.testng.reporters.JUnitXMLReporter -->
<testsuite hostname="LAPTOP-K799M4L7" ignored="0" name="Traditional" tests="8" failures="0" timestamp="27 Nov 2019 22:36:37 GMT" time="200.808" errors="0">
  <testcase name="CanvasChartTest" time="46.89" classname="com.test.VisualAITests"/>
  <testcase name="DynamicContentTest" time="25.899" classname="com.test.VisualAITests"/>
  <testcase name="LoginFeatureTest" time="19.357" classname="com.test.VisualAITests"/>
  <testcase name="LoginFeatureTest" time="21.129" classname="com.test.VisualAITests"/>
  <testcase name="LoginFeatureTest" time="18.627" classname="com.test.VisualAITests"/>
  <testcase name="LoginFeatureTest" time="18.564" classname="com.test.VisualAITests"/>
  <testcase name="LoginPageUIElementTest" time="15.369" classname="com.test.VisualAITests"/>
  <testcase name="TableSortTest" time="29.179" classname="com.test.VisualAITests"/>
</testsuite> <!-- Traditional -->
