<?xml version="1.0" encoding="UTF-8"?>
<testsuite xmlns:xsi="http://www.w3.org/2001/XMLSchema-instance" xsi:noNamespaceSchemaLocation="https://maven.apache.org/surefire/maven-surefire-plugin/xsd/surefire-test-report.xsd" name="TestSuite" time="201.388" tests="8" errors="0" skipped="0" failures="0">
  <properties>
[...]
</properties>
  <testcase name="CanvasChartTest" classname="com.test.VisualAITests" time="46.893"/>
  <testcase name="DynamicContentTest" classname="com.test.VisualAITests" time="25.899"/>
  <testcase name="LoginFeatureTest" classname="com.test.VisualAITests" time="19.357"/>
  <testcase name="LoginFeatureTest" classname="com.test.VisualAITests" time="21.128"/>
  <testcase name="LoginFeatureTest" classname="com.test.VisualAITests" time="18.628"/>
  <testcase name="LoginFeatureTest" classname="com.test.VisualAITests" time="18.565"/>
  <testcase name="LoginPageUIElementTest" classname="com.test.VisualAITests" time="15.371"/>
  <testcase name="TableSortTest" classname="com.test.VisualAITests" time="29.18"/>
</testsuite>